[0m2021.02.23 12:12:59 INFO  tracing is disabled for protocol LSP, to enable tracing of incoming and outgoing JSON messages create an empty file at c:\Users\TURNTABL\Documents\Projects\Python\IntroPython\null\scalameta\metals\cache\lsp.trace.json[0m
[0m2021.02.23 12:12:59 INFO  Starting Metals server with configuration: MetalsServerConfig(
  glob-syntax=GlobSyntaxConfig(vscode),
  status-bar=StatusBarConfig(off),
  open-files-on-rename=false,
  rename-file-threshold=300,
  slow-task=SlowTaskConfig(off),
  execute-client-command=ExecuteClientCommandConfig(off),
  compilers=PresentationCompilerConfigImpl(false,Some(editor.action.triggerParameterHints),Some(editor.action.triggerSuggest),Map(scala/collection/mutable/ -> mutable., java/util/ -> ju.),Unicode,true,true,true,true,false,true,true,true,scala.meta.internal.pc.PresentationCompilerConfigImpl$$$Lambda$77/0x00000008001cec40@1b266842,20,SECONDS),
  http=false,
  input-box=false,
  ask-to-reconnect=false,
  icons=vscode,
  statistics=StatisticsConfig(default),
  bloop-port=default
)[0m
[0m2021.02.23 12:13:00 INFO  logging to file C:\Users\TURNTABL\Documents\Projects\Python\IntroPython\.metals\metals.log[0m
[0m2021.02.24 08:25:11 INFO  tracing is disabled for protocol LSP, to enable tracing of incoming and outgoing JSON messages create an empty file at c:\Users\TURNTABL\Documents\Projects\Python\IntroPython\null\scalameta\metals\cache\lsp.trace.json[0m
[0m2021.02.24 08:25:11 INFO  Starting Metals server with configuration: MetalsServerConfig(
  glob-syntax=GlobSyntaxConfig(vscode),
  status-bar=StatusBarConfig(off),
  open-files-on-rename=false,
  rename-file-threshold=300,
  slow-task=SlowTaskConfig(off),
  execute-client-command=ExecuteClientCommandConfig(off),
  compilers=PresentationCompilerConfigImpl(false,Some(editor.action.triggerParameterHints),Some(editor.action.triggerSuggest),Map(scala/collection/mutable/ -> mutable., java/util/ -> ju.),Unicode,true,true,true,true,false,true,true,true,scala.meta.internal.pc.PresentationCompilerConfigImpl$$$Lambda$77/0x00000008001cec40@895e367,20,SECONDS),
  http=false,
  input-box=false,
  ask-to-reconnect=false,
  icons=vscode,
  statistics=StatisticsConfig(default),
  bloop-port=default
)[0m
[0m2021.02.24 08:25:12 INFO  logging to file C:\Users\TURNTABL\Documents\Projects\Python\IntroPython\.metals\metals.log[0m
